{"name": "test_get_login_button_click[chrome]", "status": "failed", "statusDetails": {"message": "AssertionError: assert None", "trace": "self = <Tests.test_home_page.Test_Homepage object at 0x000001BB06C71850>\n\n    def test_get_login_button_click(self):\n        self.homePage = HomePage(self.driver)\n        time.sleep(5)\n        self.homePage.click_Login()\n        time.sleep(5)\n        click_login = self.homePage.click_Login()\n>       assert click_login\nE       assert None\n\ntest_home_page.py:28: AssertionError"}, "parameters": [{"name": "init_driver", "value": "'chrome'"}], "start": 1694879173374, "stop": 1694879184124, "uuid": "c6876017-f64c-469e-8f98-bbe30c9fc19a", "historyId": "8fb635a50eabe189f14ae720fe8ae2fe", "testCaseId": "ac3059c50030bd605c125edee8f295aa", "fullName": "test_home_page.Test_Homepage#test_get_login_button_click", "labels": [{"name": "tag", "value": "@pytest.mark.usefixtures('init_driver')"}, {"name": "suite", "value": "test_home_page"}, {"name": "subSuite", "value": "Test_Homepage"}, {"name": "host", "value": "chainani"}, {"name": "thread", "value": "5864-MainThread"}, {"name": "framework", "value": "pytest"}, {"name": "language", "value": "cpython3"}, {"name": "package", "value": "test_home_page"}]}