{"name": "test_get_read_our_jour_text[chrome]", "status": "failed", "statusDetails": {"message": "AssertionError: assert <bound method HomePage.get_Read_Our_Jour of <Pages.HomePage.HomePage object at 0x00000255AFB58210>> == 'READ OUR JOURNAL_123'\n +  where 'READ OUR JOURNAL_123' = TestData.READ_OUT_JOUR_TEXT", "trace": "self = <Tests.test_home_page.Test_Homepage object at 0x00000255AFA0C350>\n\n    def test_get_read_our_jour_text(self):\n        self.homePage = HomePage(self.driver)\n        text = self.homePage.get_Read_Our_Jour\n>       assert text == TestData.READ_OUT_JOUR_TEXT\nE       AssertionError: assert <bound method HomePage.get_Read_Our_Jour of <Pages.HomePage.HomePage object at 0x00000255AFB58210>> == 'READ OUR JOURNAL_123'\nE        +  where 'READ OUR JOURNAL_123' = TestData.READ_OUT_JOUR_TEXT\n\ntest_home_page.py:34: AssertionError"}, "parameters": [{"name": "init_driver", "value": "'chrome'"}], "start": 1694946075097, "stop": 1694946075528, "uuid": "4d21ee08-c6e1-4104-8431-e4d97c03ebec", "historyId": "495e264223edddfe3b31b849896e3280", "testCaseId": "10db1b9c6943fc66ed32ccf4ef6a360d", "fullName": "test_home_page.Test_Homepage#test_get_read_our_jour_text", "labels": [{"name": "tag", "value": "@pytest.mark.usefixtures('init_driver')"}, {"name": "suite", "value": "test_home_page"}, {"name": "subSuite", "value": "Test_Homepage"}, {"name": "host", "value": "chainani"}, {"name": "thread", "value": "19232-MainThread"}, {"name": "framework", "value": "pytest"}, {"name": "language", "value": "cpython3"}, {"name": "package", "value": "test_home_page"}]}